Started GET "/" for 127.0.0.1 at 2018-10-08 19:26:44 +0900
Processing by MessagesController#index as HTML
  Rendering messages/index.html.haml within layouts/application
  Rendered messages/index.html.haml within layouts/application (30.2ms)
Completed 500 Internal Server Error in 560ms


  
ActionView::Template::Error (File to import not found or unreadable: font-awesome.
Load paths:
  /Users/kyuma/CodeFile/projects/ChatSpace/app/assets/config
  /Users/kyuma/CodeFile/projects/ChatSpace/app/assets/images
  /Users/kyuma/CodeFile/projects/ChatSpace/app/assets/javascripts
  /Users/kyuma/CodeFile/projects/ChatSpace/app/assets/stylesheets
  /Users/kyuma/.rbenv/versions/2.3.1/lib/ruby/gems/2.3.0/gems/coffee-rails-4.2.2/lib/assets/javascripts
  /Users/kyuma/.rbenv/versions/2.3.1/lib/ruby/gems/2.3.0/gems/actioncable-5.1.6/lib/assets/compiled
  /Users/kyuma/.rbenv/versions/2.3.1/lib/ruby/gems/2.3.0/gems/actionview-5.1.6/lib/assets/compiled
  /Users/kyuma/.rbenv/versions/2.3.1/lib/ruby/gems/2.3.0/gems/turbolinks-source-5.2.0/lib/assets/javascripts
  /Users/kyuma/CodeFile/projects/ChatSpace/node_modules):
    4:     %meta{:content => "text/html; charset=UTF-8", "http-equiv" => "Content-Type"}/
    5:     %title ChatSpace
    6:     = csrf_meta_tags
    7:     = stylesheet_link_tag    'application', media: 'all', 'data-turbolinks-track': 'reload'
    8:     = javascript_include_tag 'application', 'data-turbolinks-track': 'reload'
    9:   %body
   10:     = yield
  
app/assets/stylesheets/application.scss:3
app/views/layouts/application.html.haml:7:in `_app_views_layouts_application_html_haml___2366452680272374938_70303523164980'
Started GET "/" for 127.0.0.1 at 2018-10-08 19:27:12 +0900
Processing by MessagesController#index as HTML
  Rendering messages/index.html.haml within layouts/application
  Rendered messages/index.html.haml within layouts/application (36.5ms)
Completed 200 OK in 271ms (Views: 265.5ms)


Started GET "/" for 127.0.0.1 at 2018-10-08 19:31:19 +0900
Processing by MessagesController#index as HTML
  Rendering messages/index.html.haml within layouts/application
  Rendered messages/index.html.haml within layouts/application (19.9ms)
Completed 500 Internal Server Error in 126ms


  
ActionView::Template::Error (File to import not found or unreadable: font-awesome.
Load paths:
  /Users/kyuma/CodeFile/projects/ChatSpace/app/assets/config
  /Users/kyuma/CodeFile/projects/ChatSpace/app/assets/images
  /Users/kyuma/CodeFile/projects/ChatSpace/app/assets/javascripts
  /Users/kyuma/CodeFile/projects/ChatSpace/app/assets/stylesheets
  /Users/kyuma/.rbenv/versions/2.3.1/lib/ruby/gems/2.3.0/gems/coffee-rails-4.2.2/lib/assets/javascripts
  /Users/kyuma/.rbenv/versions/2.3.1/lib/ruby/gems/2.3.0/gems/actioncable-5.1.6/lib/assets/compiled
  /Users/kyuma/.rbenv/versions/2.3.1/lib/ruby/gems/2.3.0/gems/actionview-5.1.6/lib/assets/compiled
  /Users/kyuma/.rbenv/versions/2.3.1/lib/ruby/gems/2.3.0/gems/turbolinks-source-5.2.0/lib/assets/javascripts
  /Users/kyuma/CodeFile/projects/ChatSpace/node_modules):
    4:     %meta{:content => "text/html; charset=UTF-8", "http-equiv" => "Content-Type"}/
    5:     %title ChatSpace
    6:     = csrf_meta_tags
    7:     = stylesheet_link_tag    'application', media: 'all', 'data-turbolinks-track': 'reload'
    8:     = javascript_include_tag 'application', 'data-turbolinks-track': 'reload'
    9:   %body
   10:     = yield
  
app/assets/stylesheets/application.scss:3
app/views/layouts/application.html.haml:7:in `_app_views_layouts_application_html_haml___2366452680272374938_70303525781900'
Started GET "/" for 127.0.0.1 at 2018-10-08 19:34:42 +0900
Processing by MessagesController#index as HTML
  Rendering messages/index.html.haml within layouts/application
  Rendered messages/index.html.haml within layouts/application (42.4ms)
Completed 500 Internal Server Error in 138ms


  
ActionView::Template::Error (File to import not found or unreadable: font-awesome.
Load paths:
  /Users/kyuma/CodeFile/projects/ChatSpace/app/assets/config
  /Users/kyuma/CodeFile/projects/ChatSpace/app/assets/images
  /Users/kyuma/CodeFile/projects/ChatSpace/app/assets/javascripts
  /Users/kyuma/CodeFile/projects/ChatSpace/app/assets/stylesheets
  /Users/kyuma/.rbenv/versions/2.3.1/lib/ruby/gems/2.3.0/gems/coffee-rails-4.2.2/lib/assets/javascripts
  /Users/kyuma/.rbenv/versions/2.3.1/lib/ruby/gems/2.3.0/gems/actioncable-5.1.6/lib/assets/compiled
  /Users/kyuma/.rbenv/versions/2.3.1/lib/ruby/gems/2.3.0/gems/actionview-5.1.6/lib/assets/compiled
  /Users/kyuma/.rbenv/versions/2.3.1/lib/ruby/gems/2.3.0/gems/turbolinks-source-5.2.0/lib/assets/javascripts
  /Users/kyuma/CodeFile/projects/ChatSpace/node_modules):
    4:     %meta{:content => "text/html; charset=UTF-8", "http-equiv" => "Content-Type"}/
    5:     %title ChatSpace
    6:     = csrf_meta_tags
    7:     = stylesheet_link_tag    'application', media: 'all', 'data-turbolinks-track': 'reload'
    8:     = javascript_include_tag 'application', 'data-turbolinks-track': 'reload'
    9:   %body
   10:     = yield
  
app/assets/stylesheets/application.scss:3
app/views/layouts/application.html.haml:7:in `_app_views_layouts_application_html_haml___2366452680272374938_70303505135560'
Started GET "/" for 127.0.0.1 at 2018-10-08 19:35:40 +0900
Processing by MessagesController#index as HTML
  Rendering messages/index.html.haml within layouts/application
  Rendered messages/index.html.haml within layouts/application (18.9ms)
Completed 500 Internal Server Error in 78ms


  
ActionView::Template::Error (File to import not found or unreadable: font-awesome.
Load paths:
  /Users/kyuma/CodeFile/projects/ChatSpace/app/assets/config
  /Users/kyuma/CodeFile/projects/ChatSpace/app/assets/images
  /Users/kyuma/CodeFile/projects/ChatSpace/app/assets/javascripts
  /Users/kyuma/CodeFile/projects/ChatSpace/app/assets/stylesheets
  /Users/kyuma/.rbenv/versions/2.3.1/lib/ruby/gems/2.3.0/gems/coffee-rails-4.2.2/lib/assets/javascripts
  /Users/kyuma/.rbenv/versions/2.3.1/lib/ruby/gems/2.3.0/gems/actioncable-5.1.6/lib/assets/compiled
  /Users/kyuma/.rbenv/versions/2.3.1/lib/ruby/gems/2.3.0/gems/actionview-5.1.6/lib/assets/compiled
  /Users/kyuma/.rbenv/versions/2.3.1/lib/ruby/gems/2.3.0/gems/turbolinks-source-5.2.0/lib/assets/javascripts
  /Users/kyuma/CodeFile/projects/ChatSpace/node_modules):
    4:     %meta{:content => "text/html; charset=UTF-8", "http-equiv" => "Content-Type"}/
    5:     %title ChatSpace
    6:     = csrf_meta_tags
    7:     = stylesheet_link_tag    'application', media: 'all', 'data-turbolinks-track': 'reload'
    8:     = javascript_include_tag 'application', 'data-turbolinks-track': 'reload'
    9:   %body
   10:     = yield
  
app/assets/stylesheets/application.scss:3
app/views/layouts/application.html.haml:7:in `_app_views_layouts_application_html_haml___2366452680272374938_70303543034960'
Started GET "/" for 127.0.0.1 at 2018-10-08 19:36:17 +0900
Processing by MessagesController#index as HTML
  Rendering messages/index.html.haml within layouts/application
  Rendered messages/index.html.haml within layouts/application (43.2ms)
Completed 500 Internal Server Error in 128ms


  
ActionView::Template::Error (File to import not found or unreadable: font-awesome.
Load paths:
  /Users/kyuma/CodeFile/projects/ChatSpace/app/assets/config
  /Users/kyuma/CodeFile/projects/ChatSpace/app/assets/images
  /Users/kyuma/CodeFile/projects/ChatSpace/app/assets/javascripts
  /Users/kyuma/CodeFile/projects/ChatSpace/app/assets/stylesheets
  /Users/kyuma/.rbenv/versions/2.3.1/lib/ruby/gems/2.3.0/gems/coffee-rails-4.2.2/lib/assets/javascripts
  /Users/kyuma/.rbenv/versions/2.3.1/lib/ruby/gems/2.3.0/gems/actioncable-5.1.6/lib/assets/compiled
  /Users/kyuma/.rbenv/versions/2.3.1/lib/ruby/gems/2.3.0/gems/actionview-5.1.6/lib/assets/compiled
  /Users/kyuma/.rbenv/versions/2.3.1/lib/ruby/gems/2.3.0/gems/turbolinks-source-5.2.0/lib/assets/javascripts
  /Users/kyuma/CodeFile/projects/ChatSpace/node_modules):
    4:     %meta{:content => "text/html; charset=UTF-8", "http-equiv" => "Content-Type"}/
    5:     %title ChatSpace
    6:     = csrf_meta_tags
    7:     = stylesheet_link_tag    'application', media: 'all', 'data-turbolinks-track': 'reload'
    8:     = javascript_include_tag 'application', 'data-turbolinks-track': 'reload'
    9:   %body
   10:     = yield
  
app/assets/stylesheets/application.scss:3
app/views/layouts/application.html.haml:7:in `_app_views_layouts_application_html_haml___2366452680272374938_70303495364420'
Started GET "/" for 127.0.0.1 at 2018-10-08 19:36:35 +0900
Processing by MessagesController#index as HTML
  Rendering messages/index.html.haml within layouts/application
  Rendered messages/index.html.haml within layouts/application (18.5ms)
Completed 500 Internal Server Error in 78ms


  
ActionView::Template::Error (File to import not found or unreadable: font-awesome.
Load paths:
  /Users/kyuma/CodeFile/projects/ChatSpace/app/assets/config
  /Users/kyuma/CodeFile/projects/ChatSpace/app/assets/images
  /Users/kyuma/CodeFile/projects/ChatSpace/app/assets/javascripts
  /Users/kyuma/CodeFile/projects/ChatSpace/app/assets/stylesheets
  /Users/kyuma/.rbenv/versions/2.3.1/lib/ruby/gems/2.3.0/gems/coffee-rails-4.2.2/lib/assets/javascripts
  /Users/kyuma/.rbenv/versions/2.3.1/lib/ruby/gems/2.3.0/gems/actioncable-5.1.6/lib/assets/compiled
  /Users/kyuma/.rbenv/versions/2.3.1/lib/ruby/gems/2.3.0/gems/actionview-5.1.6/lib/assets/compiled
  /Users/kyuma/.rbenv/versions/2.3.1/lib/ruby/gems/2.3.0/gems/turbolinks-source-5.2.0/lib/assets/javascripts
  /Users/kyuma/CodeFile/projects/ChatSpace/node_modules):
    4:     %meta{:content => "text/html; charset=UTF-8", "http-equiv" => "Content-Type"}/
    5:     %title ChatSpace
    6:     = csrf_meta_tags
    7:     = stylesheet_link_tag    'application', media: 'all', 'data-turbolinks-track': 'reload'
    8:     = javascript_include_tag 'application', 'data-turbolinks-track': 'reload'
    9:   %body
   10:     = yield
  
app/assets/stylesheets/application.scss:3
app/views/layouts/application.html.haml:7:in `_app_views_layouts_application_html_haml___2366452680272374938_70303525367820'
Started GET "/" for 127.0.0.1 at 2018-10-08 19:47:13 +0900
Processing by MessagesController#index as HTML
  Rendering messages/index.html.haml within layouts/application
  Rendered messages/index.html.haml within layouts/application (54.1ms)
Completed 500 Internal Server Error in 226ms


  
ActionView::Template::Error (File to import not found or unreadable: font-awesome.
Load paths:
  /Users/kyuma/CodeFile/projects/ChatSpace/app/assets/config
  /Users/kyuma/CodeFile/projects/ChatSpace/app/assets/images
  /Users/kyuma/CodeFile/projects/ChatSpace/app/assets/javascripts
  /Users/kyuma/CodeFile/projects/ChatSpace/app/assets/stylesheets
  /Users/kyuma/.rbenv/versions/2.3.1/lib/ruby/gems/2.3.0/gems/coffee-rails-4.2.2/lib/assets/javascripts
  /Users/kyuma/.rbenv/versions/2.3.1/lib/ruby/gems/2.3.0/gems/actioncable-5.1.6/lib/assets/compiled
  /Users/kyuma/.rbenv/versions/2.3.1/lib/ruby/gems/2.3.0/gems/actionview-5.1.6/lib/assets/compiled
  /Users/kyuma/.rbenv/versions/2.3.1/lib/ruby/gems/2.3.0/gems/turbolinks-source-5.2.0/lib/assets/javascripts
  /Users/kyuma/CodeFile/projects/ChatSpace/node_modules):
    4:     %meta{:content => "text/html; charset=UTF-8", "http-equiv" => "Content-Type"}/
    5:     %title ChatSpace
    6:     = csrf_meta_tags
    7:     = stylesheet_link_tag    'application', media: 'all', 'data-turbolinks-track': 'reload'
    8:     = javascript_include_tag 'application', 'data-turbolinks-track': 'reload'
    9:   %body
   10:     = yield
  
app/assets/stylesheets/application.scss:1
app/views/layouts/application.html.haml:7:in `_app_views_layouts_application_html_haml___2366452680272374938_70303495558900'
Started GET "/" for 127.0.0.1 at 2018-10-08 19:51:54 +0900
Processing by MessagesController#index as HTML
  Rendering messages/index.html.haml within layouts/application
  Rendered messages/index.html.haml within layouts/application (34.1ms)
Completed 200 OK in 209ms (Views: 198.5ms)


Started GET "/" for 127.0.0.1 at 2018-10-08 19:55:46 +0900
Processing by MessagesController#index as HTML
  Rendering messages/index.html.haml within layouts/application
  Rendered messages/index.html.haml within layouts/application (25.6ms)
Completed 200 OK in 998ms (Views: 645.3ms)


Started GET "/" for 127.0.0.1 at 2018-10-08 20:00:07 +0900
Processing by MessagesController#index as HTML
  Rendering messages/index.html.haml within layouts/application
  Rendered messages/index.html.haml within layouts/application (25.8ms)
Completed 500 Internal Server Error in 255ms


  
ActionView::Template::Error (File to import not found or unreadable: ./message.
Load paths:
  /Users/kyuma/CodeFile/projects/ChatSpace/app/assets/config
  /Users/kyuma/CodeFile/projects/ChatSpace/app/assets/images
  /Users/kyuma/CodeFile/projects/ChatSpace/app/assets/javascripts
  /Users/kyuma/CodeFile/projects/ChatSpace/app/assets/stylesheets
  /Users/kyuma/.rbenv/versions/2.3.1/lib/ruby/gems/2.3.0/gems/font-awesome-rails-4.7.0.4/app/assets/fonts
  /Users/kyuma/.rbenv/versions/2.3.1/lib/ruby/gems/2.3.0/gems/font-awesome-rails-4.7.0.4/app/assets/stylesheets
  /Users/kyuma/.rbenv/versions/2.3.1/lib/ruby/gems/2.3.0/gems/coffee-rails-4.2.2/lib/assets/javascripts
  /Users/kyuma/.rbenv/versions/2.3.1/lib/ruby/gems/2.3.0/gems/actioncable-5.1.6/lib/assets/compiled
  /Users/kyuma/.rbenv/versions/2.3.1/lib/ruby/gems/2.3.0/gems/actionview-5.1.6/lib/assets/compiled
  /Users/kyuma/.rbenv/versions/2.3.1/lib/ruby/gems/2.3.0/gems/turbolinks-source-5.2.0/lib/assets/javascripts
  /Users/kyuma/CodeFile/projects/ChatSpace/node_modules):
    4:     %meta{:content => "text/html; charset=UTF-8", "http-equiv" => "Content-Type"}/
    5:     %title ChatSpace
    6:     = csrf_meta_tags
    7:     = stylesheet_link_tag    'application', media: 'all', 'data-turbolinks-track': 'reload'
    8:     = javascript_include_tag 'application', 'data-turbolinks-track': 'reload'
    9:   %body
   10:     = yield
  
app/assets/stylesheets/application.scss:4
app/views/layouts/application.html.haml:7:in `_app_views_layouts_application_html_haml__1022393462430597747_70358089708480'
Started GET "/" for 127.0.0.1 at 2018-10-08 20:00:20 +0900
Processing by MessagesController#index as HTML
  Rendering messages/index.html.haml within layouts/application
  Rendered messages/index.html.haml within layouts/application (18.6ms)
Completed 200 OK in 433ms (Views: 429.6ms)


Started GET "/" for 127.0.0.1 at 2018-10-08 20:00:39 +0900
Processing by MessagesController#index as HTML
  Rendering messages/index.html.haml within layouts/application
  Rendered messages/index.html.haml within layouts/application (25.3ms)
Completed 200 OK in 362ms (Views: 357.8ms)


Started GET "/" for 127.0.0.1 at 2018-10-08 20:03:20 +0900
Processing by MessagesController#index as HTML
  Rendering messages/index.html.haml within layouts/application
  Rendered messages/index.html.haml within layouts/application (20.6ms)
Completed 200 OK in 418ms (Views: 414.3ms)


Started GET "/" for 127.0.0.1 at 2018-10-08 20:07:49 +0900
Processing by MessagesController#index as HTML
  Rendering messages/index.html.haml within layouts/application
  Rendered messages/index.html.haml within layouts/application (38.2ms)
Completed 200 OK in 132ms (Views: 116.8ms)


Started GET "/" for 127.0.0.1 at 2018-10-08 20:12:39 +0900
Processing by MessagesController#index as HTML
  Rendering messages/index.html.haml within layouts/application
  Rendered messages/index.html.haml within layouts/application (20.4ms)
Completed 200 OK in 499ms (Views: 481.5ms)


